SF:lib/state/application_state.dart
DA:11,2
DA:16,2
DA:18,1
DA:23,1
DA:26,1
DA:29,2
DA:32,1
DA:33,1
DA:34,1
DA:37,1
DA:39,2
DA:40,1
DA:44,3
DA:45,1
DA:46,1
DA:48,1
DA:50,1
DA:51,1
DA:52,1
DA:53,1
DA:57,1
DA:59,2
DA:60,1
DA:62,4
DA:64,3
DA:66,1
DA:67,1
DA:71,1
DA:72,2
DA:73,1
DA:76,1
DA:77,1
DA:80,1
DA:85,2
DA:86,1
DA:89,3
DA:91,2
DA:92,1
DA:93,1
DA:97,1
DA:98,2
DA:99,1
DA:101,4
DA:102,3
DA:105,1
DA:107,1
DA:108,1
DA:112,1
DA:114,1
DA:115,1
DA:120,1
LF:51
LH:51
end_of_record
SF:lib/domain_model/todo.dart
DA:8,2
DA:10,2
DA:11,1
DA:13,3
DA:14,1
DA:17,2
DA:18,1
DA:20,3
DA:21,1
LF:9
LH:9
end_of_record
